TN:
SF:C:\Users\haeny\OneDrive\문서\workspace_2023\KDC_jsTest\frontend\src\utils\uniqueArray.js
FN:1,uniqueArray
FNF:1
FNH:1
FNDA:2,uniqueArray
DA:2,2
LF:1
LH:1
BRF:0
BRH:0
end_of_record
TN:
SF:C:\Users\haeny\OneDrive\문서\workspace_2023\KDC_jsTest\frontend\src\utils\validator.js
FN:3,(anonymous_0)
FN:9,(anonymous_1)
FN:12,(anonymous_2)
FN:22,(anonymous_3)
FNF:4
FNH:3
FNDA:1,(anonymous_0)
FNDA:1,(anonymous_1)
FNDA:3,(anonymous_2)
FNDA:0,(anonymous_3)
DA:3,1
DA:4,1
DA:5,1
DA:7,0
DA:11,1
DA:13,3
DA:17,1
DA:23,0
LF:8
LH:6
BRDA:4,0,0,1
BRDA:4,0,1,0
BRF:2
BRH:1
end_of_record
